H8S,H8/300 SERIES C COMPILER (Ver. 2.0D for Evaluation)28-Jun-2018  13:36:15  PAGE   1

************ SOURCE LISTING ************

FILE NAME: mon2ex1101.c

  Seq File        Line Pi 0----+----1----+----2----+----3----+----4----+----5----+----6----+----7----+----8----+----9----+----0----+
    1 mon2ex1101     1     unsigned short int x00=0x3;
    2 mon2ex1101     2     unsigned short int x10=0x2;
    3 mon2ex1101     3     unsigned short int y0,y1; /* x00 div x10 = y1 ... y0 */
    4 mon2ex1101     4     
    5 mon2ex1101     5     int Division(unsigned short int x0,unsigned short int x1){
    6 mon2ex1101     6             unsigned short int x2,x3;
    7 mon2ex1101     7         x2=0;
    8 mon2ex1101     8         x3=1;
    9 mon2ex1101     9         while (x1<x0) {
   10 mon2ex1101    10             x1<<=1;
   11 mon2ex1101    11             x3<<=1;
   12 mon2ex1101    12         }
   13 mon2ex1101    13         while (x3!=0) {
   14 mon2ex1101    14             if(x1<=x0) {
   15 mon2ex1101    15                 x0-=x1;
   16 mon2ex1101    16                 x2+=x3;
   17 mon2ex1101    17             }
   18 mon2ex1101    18             x1>>=1;
   19 mon2ex1101    19             x3>>=1;
   20 mon2ex1101    20         }
   21 mon2ex1101    21         return x2;
   22 mon2ex1101    22     }
   23 mon2ex1101    23     
   24 mon2ex1101    24     int main()
   25 mon2ex1101    25     {
   26 mon2ex1101    26         unsigned short int x0,x1,x2,x3;
   27 mon2ex1101    27         y1=Division(x00,x10);
   28 mon2ex1101    28     }
H8S,H8/300 SERIES C COMPILER (Ver. 2.0D for Evaluation)28-Jun-2018  13:36:16  PAGE   1

** ASSEMBLER/LINKAGE EDITOR LIMITS INFORMATION **

NUMBER OF EXTERNAL REFERENCE  SYMBOLS:        0 
NUMBER OF EXTERNAL DEFINITION SYMBOLS:        6 
NUMBER OF INTERNAL/EXTERNAL SYMBOLS:         11 



********* CPU MODE INFORMATION *********

cpu=300ha
