** H8S,H8/300 ASSEMBLER Ver.2.0A Evaluation software ** 06/28/18 13:50:55                                                              PAGE     1
PROGRAM NAME =

    1                             1         .CPU 300HA
    2 0FF030                      2         .SECTION A,DATA,LOCATE=H'0FF030
    3 0FF030 000FF200             3         .DATA.L H'0FF200  ;リセットベクトル
    4 0FF200                      4         .SECTION P,CODE,LOCATE=H'0FF200
    5                             5     
    6 0FF200                      6     _main:                           ; function: main
    7 0FF200 6B28000FF802         7               MOV.W       @H'0FF802:24,E0
    8 0FF206 6B20000FF800         8               MOV.W       @H'0FF800:24,R0
    9 0FF20C 5508                 9               BSR         _Division:8
   10 0FF20E 6BA0000FF804        10               MOV.W       R0,@H'0FF804:24
   11 0FF214                     11     EternalLoop:
   12 0FF214 40FE                12         BRA EternalLoop ;永久ループ
   13 0FF216                     13     _Division:                       ; function: Division
   14 0FF216 1999                14               SUB.W       E1,E1
   15 0FF218 79010001            15               MOV.W       #1:16,R1
   16 0FF21C 4004                16               BRA         L21:8
   17 0FF21E                     17     L20:
   18 0FF21E 1018                18               SHLL.W      E0
   19 0FF220 1011                19               SHLL.W      R1
   20 0FF222                     20     L21:
   21 0FF222 1D08                21               CMP.W       R0,E0
   22 0FF224 45F8                22               BCS         L20:8
   23 0FF226 400C                23               BRA         L23:8
   24 0FF228                     24     L22:
   25 0FF228 1D08                25               CMP.W       R0,E0
   26 0FF22A 4204                26               BHI         L24:8
   27 0FF22C 1980                27               SUB.W       E0,R0
   28 0FF22E 0919                28               ADD.W       R1,E1
   29 0FF230                     29     L24:
   30 0FF230 1118                30               SHLR.W      E0
   31 0FF232 1111                31               SHLR.W      R1
   32 0FF234                     32     L23:
   33 0FF234 0D11                33               MOV.W       R1,R1
   34 0FF236 46F0                34               BNE         L22:8
   35 0FF238 0D90                35               MOV.W       E1,R0
   36 0FF23A 5470                36               RTS
   37                            37     
   38                            38               .END
  *****TOTAL ERRORS       0
  *****TOTAL WARNINGS     0
** H8S,H8/300 ASSEMBLER Ver.2.0A Evaluation software ** 06/28/18 13:50:55                                                              PAGE     2

*** CROSS REFERENCE LIST

NAME                             SECTION  ATTR VALUE             SEQUENCE

A                                A        SCT  000FF030      2*
EternalLoop                      P             000FF214     11*   12 
L20                              P             000FF21E     17*   22 
L21                              P             000FF222     16    20*
L22                              P             000FF228     24*   34 
L23                              P             000FF234     23    32*
L24                              P             000FF230     26    29*
P                                P        SCT  000FF200      4*
_Division                        P             000FF216      9    13*
_main                            P             000FF200      6*
** H8S,H8/300 ASSEMBLER Ver.2.0A Evaluation software ** 06/28/18 13:50:55                                                              PAGE     3

*** SECTION DATA LIST

SECTION                          ATTRIBUTE    SIZE             START

A                                ABS-DATA    0000004           0FF030          
P                                ABS-CODE    000003C           0FF200          
