
 H8/3048 Series Advanced Mode Monitor Ver. 3.0A
 Copyright (C) 2003 Renesas Technology Corp.

: l
  Top Address=FF030
  End Address=FF227
: da ff200 ff20 26
  <ADDR>  <CODE>                <MNEMONIC> <OPERAND>
  FF200   7A07000FFF00          MOV.L      #H'000FFF00:32,ER7
  FF206   6B28000FF800          MOV.W      @H'FF800:24,E0
  FF20C   6B20000FF802          MOV.W      @H'FF802:24,R0
  FF212   1911                  SUB.W      R1,R1
  FF214   7308                  BTST       #0:3,R0L
  FF216   4702                  BEQ        FF21A:8
  FF218   0981                  ADD.W      E0,R1
  FF21A   1018                  SHLL.W     E0
  FF21C   1190                  SHAR.W     R0
  FF21E   46F4                  BNE        FF214:8
  FF220   6BA1000FF804          MOV.W      R1,@H'FF804:24
  FF226   40FE                  BRA        FF226:8
: b ff226
: r
  PC=0FF200  CCR=80:I.......  SP=000FFF00
  ER0=00000000  ER1=00000000  ER2=00000000  ER3=00000000
  ER4=00000000  ER5=00000000  ER6=00000000  ER7=000FFF00
: d ff800 ff80f
  <ADDR>                  <  D  A  T  A  >                     < ASCII CODE >
  FF800   00 55 00 0A 00 00 FF 7F  FF FF FF FF FB FF F7 FF   "................"
: m ff800
  FF800   00  ?  00
  FF801   55  ?  02
  FF802   00  ?  00
  FF803   0A  ?  03
  FF804   00  ?  .
: g
  Break at PC=FF226
  PC=0FF226  CCR=81:I......C  SP=000FFF00
  ER0=00080000  ER1=00000006  ER2=00000000  ER3=00000000
  ER4=00000000  ER5=00000000  ER6=00000000  ER7=000FFF00
: d ff800 ff80f
  <ADDR>                  <  D  A  T  A  >                     < ASCII CODE >
  FF800   00 02 00 03 00 06 FF 7F  FF FF FF FF FB FF F7 FF   "................"
: m ff800
  FF800   00  ?  00
  FF801   22  ?  22
  FF802   00  ?  00
  FF803   03  ?  33
  FF804   00  ?  .
: .pc
  PC=0FF226  ?  ff200
  CCR=81  ?  .
: g
  Break at PC=FF226
  PC=0FF226  CCR=81:I......C  SP=000FFF00
  ER0=08800000  ER1=000006C6  ER2=00000000  ER3=00000000
  ER4=00000000  ER5=00000000  ER6=00000000  ER7=000FFF00
: d ff800 ff80f
  <ADDR>                  <  D  A  T  A  >                     < ASCII CODE >
  FF800   00 22 00 33 06 C6 FF 7F  FF FF FF FF FB FF F7 FF   ".".3............"
: m ff800
  FF800   00  ?  00
  FF801   22  ?  aa
  FF802   00  ?  00
  FF803   33  ?  bb
  FF804   06  ?  .
: .pc
  PC=0FF226  ?  ff200
  CCR=81  ?  .
: g
  Break at PC=FF226
  PC=0FF226  CCR=81:I......C  SP=000FFF00
  ER0=AA000000  ER1=00007C2E  ER2=00000000  ER3=00000000
  ER4=00000000  ER5=00000000  ER6=00000000  ER7=000FFF00
: d ff800 ff80f
  <ADDR>                  <  D  A  T  A  >                     < ASCII CODE >
  FF800   00 AA 00 BB 7C 2E FF 7F  FF FF FF FF FB FF F7 FF   "....|..........."
: 