 H8/3048 Series Advanced Mode Monitor Ver. 3.0A
 Copyright (C) 2003 Renesas Technology Corp.

: a ff200
  FF200   >  jmp @ff300:24
  FF204   >  .
: a ff300
  FF300   >  jmp @ff310:24
  FF304   >  .
: a ff310
  FF310   >  bra ff280:16
  FF314   >  .
: a ff280
  FF280   >  bra ff280:8
  FF282   >  .
: da ff200 ff200
  <ADDR>  <CODE>                <MNEMONIC> <OPERAND>
  FF200   5A0FF300              JMP        @H'FF300:24
: da ff300 ff300
  <ADDR>  <CODE>                <MNEMONIC> <OPERAND>
  FF300   5A0FF310              JMP        @H'FF310:24
: da ff310 ff310
  <ADDR>  <CODE>                <MNEMONIC> <OPERAND>
  FF310   5800FF6C              BRA        FF280:16
: da ff280 ff280
  <ADDR>  <CODE>                <MNEMONIC> <OPERAND>
  FF280   40FE                  BRA        FF280:8
: .pc
  PC=000000  ?  ff200
  CCR=80  ?  .
: r
  PC=0FF200  CCR=80:I.......  SP=000FFF00
  ER0=00000000  ER1=00000000  ER2=00000000  ER3=00000000
  ER4=00000000  ER5=00000000  ER6=00000000  ER7=000FFF00
: s
  PC=0FF300  CCR=80:I.......  SP=000FFF00
  ER0=00000000  ER1=00000000  ER2=00000000  ER3=00000000
  ER4=00000000  ER5=00000000  ER6=00000000  ER7=000FFF00
  FF200   5A0FF300              JMP        @H'FF300:24
: s
  PC=0FF310  CCR=80:I.......  SP=000FFF00
  ER0=00000000  ER1=00000000  ER2=00000000  ER3=00000000
  ER4=00000000  ER5=00000000  ER6=00000000  ER7=000FFF00
  FF300   5A0FF310              JMP        @H'FF310:24
: s
  PC=0FF280  CCR=80:I.......  SP=000FFF00
  ER0=00000000  ER1=00000000  ER2=00000000  ER3=00000000
  ER4=00000000  ER5=00000000  ER6=00000000  ER7=000FFF00
  FF310   5800FF6C              BRA        FF280:16
: s
  PC=0FF280  CCR=80:I.......  SP=000FFF00
  ER0=00000000  ER1=00000000  ER2=00000000  ER3=00000000
  ER4=00000000  ER5=00000000  ER6=00000000  ER7=000FFF00
  FF280   40FE                  BRA        FF280:8
: 