
 H8/3048 Series Advanced Mode Monitor Ver. 3.0A
 Copyright (C) 2003 Renesas Technology Corp.

: a ff200
  FF200   >  mov.l #fff00:32,er0
  FF206   >  mov.w @ff800:24,r0
  FF20C   >  mov.w @ff802:24,r1
  FF212   >  bsr ff210:8
  FF214   >  mov.w r0,@ff804:24
  FF21A   >  bra ff21A:8
  FF21C   >  add.w r1,r0
  FF21E   >  rts
  FF220   >  .
: a ff212
  FF212   >  bsr ff21c
  FF214   >  .
: da ff200 ff21e
  <ADDR>  <CODE>                <MNEMONIC> <OPERAND>
  FF200   7A00000FFF00          MOV.L      #H'000FFF00:32,ER0
  FF206   6B20000FF800          MOV.W      @H'FF800:24,R0
  FF20C   6B21000FF802          MOV.W      @H'FF802:24,R1
  FF212   5508                  BSR        FF21C:8
  FF214   6BA0000FF804          MOV.W      R0,@H'FF804:24
  FF21A   40FE                  BRA        FF21A:8
  FF21C   0910                  ADD.W      R1,R0
  FF21E   5470                  RTS      
  
/*‚¢‚ç‚È‚¢*/
: da ff200 ff220
  <ADDR>  <CODE>                <MNEMONIC> <OPERAND>
  FF200   7A00000FFF00          MOV.L      #H'000FFF00:32,ER0
  FF206   6B20000FF800          MOV.W      @H'FF800:24,R0
  FF20C   6B21000FF802          MOV.W      @H'FF802:24,R1
  FF212   5508                  BSR        FF21C:8
  FF214   6BA0000FF804          MOV.W      R0,@H'FF804:24
  FF21A   40FE                  BRA        FF21A:8
  FF21C   0910                  ADD.W      R1,R0
  FF21E   5470                  RTS        
  FF220   DBFB                  XOR.B      #H'FB:8,R3L
/*‚±‚±‚Ü‚Å*/

: d ffef0 fff00
  <ADDR>                  <  D  A  T  A  >                     < ASCII CODE >
  FFEF0   8B DE F9 97 FE CF FE FF  D6 B4 6E EF 7B EF F2 67   "..........n.{..g"
  FFF00   59                                                 "Y"
: d ff800 ff80f
  <ADDR>                  <  D  A  T  A  >                     < ASCII CODE >
  FF800   FF FF FF FF FF FE FF 7F  7F FF FF FF FB FF F7 FF   "................"
: m ff800
  FF800   02  ?  00
  FF801   03  ?  02
  FF802   FF  ?  00
  FF803   FF  ?  03
  FF804   FF  ?  .
: d ff800 ff80f
  <ADDR>                  <  D  A  T  A  >                     < ASCII CODE >
  FF800   00 02 00 03 FF FE FF 7F  7F FF FF FF FB FF F7 FF   "................"
: .pc
  PC=000000  ?  ff200
  CCR=80  ?  .
: r
  PC=0FF200  CCR=80:I.......  SP=000FFF00
  ER0=00000000  ER1=00000000  ER2=00000000  ER3=00000000
  ER4=00000000  ER5=00000000  ER6=00000000  ER7=000FFF00
: s
  PC=0FF206  CCR=80:I.......  SP=000FFF00
  ER0=000FFF00  ER1=00000000  ER2=00000000  ER3=00000000
  ER4=00000000  ER5=00000000  ER6=00000000  ER7=000FFF00
  FF200   7A00000FFF00          MOV.L      #H'000FFF00:32,ER0
: s
  PC=0FF20C  CCR=80:I.......  SP=000FFF00
  ER0=000F0002  ER1=00000000  ER2=00000000  ER3=00000000
  ER4=00000000  ER5=00000000  ER6=00000000  ER7=000FFF00
  FF206   6B20000FF800          MOV.W      @H'FF800:24,R0
: s
  PC=0FF212  CCR=80:I.......  SP=000FFF00
  ER0=000F0002  ER1=00000003  ER2=00000000  ER3=00000000
  ER4=00000000  ER5=00000000  ER6=00000000  ER7=000FFF00
  FF20C   6B21000FF802          MOV.W      @H'FF802:24,R1
: s
  PC=0FF21C  CCR=80:I.......  SP=000FFEFC
  ER0=000F0002  ER1=00000003  ER2=00000000  ER3=00000000
  ER4=00000000  ER5=00000000  ER6=00000000  ER7=000FFEFC
  FF212   5508                  BSR        FF21C:8
: d ffef0 fff00
  <ADDR>                  <  D  A  T  A  >                     < ASCII CODE >
  FFEF0   8B DE F9 97 80 80 28 1A  00 0F F2 1E 00 0F F2 14   "......(........."
  FFF00   59                                                 "Y"
: s
  PC=0FF21E  CCR=80:I.......  SP=000FFEFC
  ER0=000F0005  ER1=00000003  ER2=00000000  ER3=00000000
  ER4=00000000  ER5=00000000  ER6=00000000  ER7=000FFEFC
  FF21C   0910                  ADD.W      R1,R0
: s
  PC=0FF214  CCR=80:I.......  SP=000FFF00
  ER0=000F0005  ER1=00000003  ER2=00000000  ER3=00000000
  ER4=00000000  ER5=00000000  ER6=00000000  ER7=000FFF00
  FF21E   5470                  RTS        
: s
  PC=0FF21A  CCR=80:I.......  SP=000FFF00
  ER0=000F0005  ER1=00000003  ER2=00000000  ER3=00000000
  ER4=00000000  ER5=00000000  ER6=00000000  ER7=000FFF00
  FF214   6BA0000FF804          MOV.W      R0,@H'FF804:24
: d ff800 ff80f
  <ADDR>                  <  D  A  T  A  >                     < ASCII CODE >
  FF800   00 02 00 03 00 05 FF 7F  7F FF FF FF FB FF F7 FF   "................"
: 