** H8S,H8/300 ASSEMBLER Ver.2.0A Evaluation software ** 06/07/18 12:07:49                                                              PAGE     1
PROGRAM NAME =

    1                             1         .CPU 300HA
    2        000FFFC8             2     P5DDR  .EQU H'FFFC8
    3        000FFFCA             3     P5DR   .EQU H'FFFCA
    4        000FFFC1             4     P2DDR  .EQU H'FFFC1
    5        000FFFC3             5     P2DR   .EQU H'FFFC3
    6        000FFFD8             6     P2PCR  .EQU H'FFFD8
    7 0FF030                      7         .SECTION A,DATA,LOCATE=H'0FF030
    8 0FF030 000FF130             8         .DATA.L H'0FF130  ;リセットベクトル
    9 0FF130                      9         .SECTION P,CODE,LOCATE=H'0FF130
   10 0FF130 7A07000FFF00        10         MOV.L  #H'FFF00,ER7  ;スタックポインタ設定
   11 0FF136 F901                11         MOV.B #H'1, R1L      ; 00000001(2進数表現) を 8bitレジスタR1Lへ
   12 0FF138 6AA9000FFFC8        12         MOV.B R1L, @P5DDR    ; 8bitレジスタR1Lにある値をアドレスP5DDRへ
   13 0FF13E F900                13         MOV.B #H'0, R1L      ; 00000000(2進数表現) を 8bitレジスタR1Lへ
   14 0FF140 6AA9000FFFC1        14         MOV.B R1L, @P2DDR    ; 8bitレジスタR1Lにある値をアドレスP2DDRへ
   15 0FF146 F901                15         MOV.B #H'1, R1L      ; 00000001(2進数表現) を 8bitレジスタR1Lへ
   16 0FF148 6AA9000FFFD8        16         MOV.B R1L, @P2PCR    ; 8bitレジスタR1Lにある値をアドレスP2PCRへ
   17 0FF14E                     17     EternalLoop:
   18 0FF14E 6A28000FFFC3        18         MOV.B @P2DR, R0L     ; アドレスP2DR を 8bitレジスタR0Lへ
   19 0FF154 1188                19         SHAR.B R0L           ; R0Lを右シフト
   20 0FF156 6AA8000FFFCA        20         MOV.B R0L, @P5DR     ; 8bitレジスタR0Lにある値をアドレスP5DRへ
   21 0FF15C 40F0                21         BRA EternalLoop      ;永久ループ
   22                            22         .END
  *****TOTAL ERRORS       0
  *****TOTAL WARNINGS     0
** H8S,H8/300 ASSEMBLER Ver.2.0A Evaluation software ** 06/07/18 12:07:49                                                              PAGE     2

*** CROSS REFERENCE LIST

NAME                             SECTION  ATTR VALUE             SEQUENCE

A                                A        SCT  000FF030      7*
EternalLoop                      P             000FF14E     17*   21 
P                                P        SCT  000FF130      9*
P2DDR                                     EQU  000FFFC1      4*   14 
P2DR                                      EQU  000FFFC3      5*   18 
P2PCR                                     EQU  000FFFD8      6*   16 
P5DDR                                     EQU  000FFFC8      2*   12 
P5DR                                      EQU  000FFFCA      3*   20 
** H8S,H8/300 ASSEMBLER Ver.2.0A Evaluation software ** 06/07/18 12:07:49                                                              PAGE     3

*** SECTION DATA LIST

SECTION                          ATTRIBUTE    SIZE             START

A                                ABS-DATA    0000004           0FF030          
P                                ABS-CODE    000002E           0FF130          
