
 H8/3048 Series Advanced Mode Monitor Ver. 3.0A
 Copyright (C) 2003 Renesas Technology Corp.
:l
  Top Address=FF030
  End Address=FF15B
: .pc
  PC=0FF130  ?  ff130
  CCR=80  ?  .
: r
  PC=0FF130  CCR=80:I.......  SP=000FFF00
  ER0=00000000  ER1=00000000  ER2=00000000  ER3=00000000
  ER4=00000000  ER5=00000000  ER6=00000000  ER7=000FFF00
: s
  PC=0FF136  CCR=80:I.......  SP=000FFF00
  ER0=00000000  ER1=00000000  ER2=00000000  ER3=00000000
  ER4=00000000  ER5=00000000  ER6=00000000  ER7=000FFF00
  FF130   7A07000FFF00          MOV.L      #H'000FFF00:32,ER7
: s
  PC=0FF138  CCR=80:I.......  SP=000FFF00
  ER0=00000000  ER1=00000001  ER2=00000000  ER3=00000000
  ER4=00000000  ER5=00000000  ER6=00000000  ER7=000FFF00
  FF136   F901                  MOV.B      #H'01:8,R1L
: s
  PC=0FF13E  CCR=80:I.......  SP=000FFF00
  ER0=00000000  ER1=00000001  ER2=00000000  ER3=00000000
  ER4=00000000  ER5=00000000  ER6=00000000  ER7=000FFF00
  FF138   6AA9000FFFC8          MOV.B      R1L,@H'FFFC8:24
: s
  PC=0FF140  CCR=84:I....Z..  SP=000FFF00
  ER0=00000000  ER1=00000000  ER2=00000000  ER3=00000000
  ER4=00000000  ER5=00000000  ER6=00000000  ER7=000FFF00
  FF13E   F900                  MOV.B      #H'00:8,R1L
: s
  PC=0FF146  CCR=84:I....Z..  SP=000FFF00
  ER0=00000000  ER1=00000000  ER2=00000000  ER3=00000000
  ER4=00000000  ER5=00000000  ER6=00000000  ER7=000FFF00
  FF140   6AA9000FFFC1          MOV.B      R1L,@H'FFFC1:24
: s
  PC=0FF148  CCR=80:I.......  SP=000FFF00
  ER0=00000000  ER1=00000001  ER2=00000000  ER3=00000000
  ER4=00000000  ER5=00000000  ER6=00000000  ER7=000FFF00
  FF146   F901                  MOV.B      #H'01:8,R1L
: s
  PC=0FF14E  CCR=80:I.......  SP=000FFF00
  ER0=00000000  ER1=00000001  ER2=00000000  ER3=00000000
  ER4=00000000  ER5=00000000  ER6=00000000  ER7=000FFF00
  FF148   6AA9000FFFD8          MOV.B      R1L,@H'FFFD8:24
: s
  PC=0FF154  CCR=84:I....Z..  SP=000FFF00
  ER0=00000000  ER1=00000001  ER2=00000000  ER3=00000000
  ER4=00000000  ER5=00000000  ER6=00000000  ER7=000FFF00
  FF14E   6A28000FFFC3          MOV.B      @H'FFFC3:24,R0L
: s
  PC=0FF15A  CCR=84:I....Z..  SP=000FFF00
  ER0=00000000  ER1=00000001  ER2=00000000  ER3=00000000
  ER4=00000000  ER5=00000000  ER6=00000000  ER7=000FFF00
  FF154   6AA8000FFFCA          MOV.B      R0L,@H'FFFCA:24
: s
  PC=0FF14E  CCR=84:I....Z..  SP=000FFF00
  ER0=00000000  ER1=00000001  ER2=00000000  ER3=00000000
  ER4=00000000  ER5=00000000  ER6=00000000  ER7=000FFF00
  FF15A   40F2                  BRA        FF14E:8
: s
  PC=0FF154  CCR=88:I...N...  SP=000FFF00
  ER0=000000FF  ER1=00000001  ER2=00000000  ER3=00000000
  ER4=00000000  ER5=00000000  ER6=00000000  ER7=000FFF00
  FF14E   6A28000FFFC3          MOV.B      @H'FFFC3:24,R0L
: s
  PC=0FF15A  CCR=88:I...N...  SP=000FFF00
  ER0=000000FF  ER1=00000001  ER2=00000000  ER3=00000000
  ER4=00000000  ER5=00000000  ER6=00000000  ER7=000FFF00
  FF154   6AA8000FFFCA          MOV.B      R0L,@H'FFFCA:24
: s
  PC=0FF14E  CCR=88:I...N...  SP=000FFF00
  ER0=000000FF  ER1=00000001  ER2=00000000  ER3=00000000
  ER4=00000000  ER5=00000000  ER6=00000000  ER7=000FFF00
  FF15A   40F2                  BRA        FF14E:8
: s
  PC=0FF154  CCR=80:I.......  SP=000FFF00
  ER0=00000003  ER1=00000001  ER2=00000000  ER3=00000000
  ER4=00000000  ER5=00000000  ER6=00000000  ER7=000FFF00
  FF14E   6A28000FFFC3          MOV.B      @H'FFFC3:24,R0L
: s
  PC=0FF15A  CCR=80:I.......  SP=000FFF00
  ER0=00000003  ER1=00000001  ER2=00000000  ER3=00000000
  ER4=00000000  ER5=00000000  ER6=00000000  ER7=000FFF00
  FF154   6AA8000FFFCA          MOV.B      R0L,@H'FFFCA:24
: s
  PC=0FF14E  CCR=80:I.......  SP=000FFF00
  ER0=00000003  ER1=00000001  ER2=00000000  ER3=00000000
  ER4=00000000  ER5=00000000  ER6=00000000  ER7=000FFF00
  FF15A   40F2                  BRA        FF14E:8
: s
  PC=0FF154  CCR=84:I....Z..  SP=000FFF00
  ER0=00000000  ER1=00000001  ER2=00000000  ER3=00000000
  ER4=00000000  ER5=00000000  ER6=00000000  ER7=000FFF00
  FF14E   6A28000FFFC3          MOV.B      @H'FFFC3:24,R0L
: s
  PC=0FF15A  CCR=84:I....Z..  SP=000FFF00
  ER0=00000000  ER1=00000001  ER2=00000000  ER3=00000000
  ER4=00000000  ER5=00000000  ER6=00000000  ER7=000FFF00
  FF154   6AA8000FFFCA          MOV.B      R0L,@H'FFFCA:24
: s
  PC=0FF14E  CCR=84:I....Z..  SP=000FFF00
  ER0=00000000  ER1=00000001  ER2=00000000  ER3=00000000
  ER4=00000000  ER5=00000000  ER6=00000000  ER7=000FFF00
  FF15A   40F2                  BRA        FF14E:8
: s
  PC=0FF154  CCR=84:I....Z..  SP=000FFF00
  ER0=00000000  ER1=00000001  ER2=00000000  ER3=00000000
  ER4=00000000  ER5=00000000  ER6=00000000  ER7=000FFF00
  FF14E   6A28000FFFC3          MOV.B      @H'FFFC3:24,R0L
: s
  PC=0FF15A  CCR=84:I....Z..  SP=000FFF00
  ER0=00000000  ER1=00000001  ER2=00000000  ER3=00000000
  ER4=00000000  ER5=00000000  ER6=00000000  ER7=000FFF00
  FF154   6AA8000FFFCA          MOV.B      R0L,@H'FFFCA:24
: s
  PC=0FF14E  CCR=84:I....Z..  SP=000FFF00
  ER0=00000000  ER1=00000001  ER2=00000000  ER3=00000000
  ER4=00000000  ER5=00000000  ER6=00000000  ER7=000FFF00
  FF15A   40F2                  BRA        FF14E:8
: s
  PC=0FF154  CCR=80:I.......  SP=000FFF00
  ER0=00000002  ER1=00000001  ER2=00000000  ER3=00000000
  ER4=00000000  ER5=00000000  ER6=00000000  ER7=000FFF00
  FF14E   6A28000FFFC3          MOV.B      @H'FFFC3:24,R0L
: s
  PC=0FF15A  CCR=80:I.......  SP=000FFF00
  ER0=00000002  ER1=00000001  ER2=00000000  ER3=00000000
  ER4=00000000  ER5=00000000  ER6=00000000  ER7=000FFF00
  FF154   6AA8000FFFCA          MOV.B      R0L,@H'FFFCA:24
: s
  PC=0FF14E  CCR=80:I.......  SP=000FFF00
  ER0=00000002  ER1=00000001  ER2=00000000  ER3=00000000
  ER4=00000000  ER5=00000000  ER6=00000000  ER7=000FFF00
  FF15A   40F2                  BRA        FF14E:8
: s
  PC=0FF154  CCR=80:I.......  SP=000FFF00
  ER0=00000001  ER1=00000001  ER2=00000000  ER3=00000000
  ER4=00000000  ER5=00000000  ER6=00000000  ER7=000FFF00
  FF14E   6A28000FFFC3          MOV.B      @H'FFFC3:24,R0L
: s
  PC=0FF15A  CCR=80:I.......  SP=000FFF00
  ER0=00000001  ER1=00000001  ER2=00000000  ER3=00000000
  ER4=00000000  ER5=00000000  ER6=00000000  ER7=000FFF00
  FF154   6AA8000FFFCA          MOV.B      R0L,@H'FFFCA:24
: 