** H8S,H8/300 ASSEMBLER Ver.2.0A Evaluation software ** 06/21/18 11:45:26                                                              PAGE     1
PROGRAM NAME =

    1                             1         .CPU 300HA
    2 0FF030                      2         .SECTION A,DATA,LOCATE=H'0FF030
    3 0FF030 000FF200             3         .DATA.L H'0FF200  ;リセットベクトル
    4                             4     
    5 0FF200                      5         .SECTION P,CODE,LOCATE=H'0FF200
    6 0FF200 7A07000FFF00         6         MOV.L  #H'FFF00,ER7  ;スタックポインタ設定
    7 0FF206                      7     _main:                           ; function: main
    8 0FF206 6B21000FF800         8         MOV.W       @H'0FF800:24,R1  ; x1 : R1
    9 0FF20C 6B20000FF802         9         MOV.W       @H'0FF802:24,R0  ; x0 : R0
   10 0FF212 1999                10         SUB.W       E1,E1            ; x2 : E1
   11 0FF214 79080001            11         MOV.W       #1:16,E0         ; x3 : E0
   12 0FF218 4004                12         BRA         L15:8
   13 0FF21A                     13     L14:
   14 0FF21A 1010                14         SHLL.W      R0
   15 0FF21C 1018                15         SHLL.W      E0
   16 0FF21E                     16     L15:
   17 0FF21E 1D10                17         CMP.W       R1,R0
   18 0FF220 45F8                18         BCS         L14:8
   19 0FF222 400C                19         BRA         L17:8
   20 0FF224                     20     L16:
   21 0FF224 1D10                21         CMP.W       R1,R0
   22 0FF226 4204                22         BHI         L18:8
   23 0FF228 1901                23         SUB.W       R0,R1
   24 0FF22A 0989                24         ADD.W       E0,E1
   25 0FF22C                     25     L18:
   26 0FF22C 1110                26         SHLR.W      R0
   27 0FF22E 1118                27         SHLR.W      E0
   28 0FF230                     28     L17:
   29 0FF230 0D88                29         MOV.W       E0,E0
   30 0FF232 46F0                30         BNE         L16:8
   31 0FF234 6BA9000FF804        31         MOV.W       E1,@H'0FF804:24
   32 0FF23A 6BA1000FF806        32         MOV.W       R1,@H'0FF806:24
   33 0FF240                     33     EternalLoop:
   34 0FF240 40FE                34         BRA EternalLoop ;永久ループ
   35                            35         .END
  *****TOTAL ERRORS       0
  *****TOTAL WARNINGS     0
** H8S,H8/300 ASSEMBLER Ver.2.0A Evaluation software ** 06/21/18 11:45:26                                                              PAGE     2

*** CROSS REFERENCE LIST

NAME                             SECTION  ATTR VALUE             SEQUENCE

A                                A        SCT  000FF030      2*
EternalLoop                      P             000FF240     33*   34 
L14                              P             000FF21A     13*   18 
L15                              P             000FF21E     12    16*
L16                              P             000FF224     20*   30 
L17                              P             000FF230     19    28*
L18                              P             000FF22C     22    25*
P                                P        SCT  000FF200      5*
_main                            P             000FF206      7*
** H8S,H8/300 ASSEMBLER Ver.2.0A Evaluation software ** 06/21/18 11:45:26                                                              PAGE     3

*** SECTION DATA LIST

SECTION                          ATTRIBUTE    SIZE             START

A                                ABS-DATA    0000004           0FF030          
P                                ABS-CODE    0000042           0FF200          
