

 H8/3048 Series Advanced Mode Monitor Ver. 3.0A
 Copyright (C) 2003 Renesas Technology Corp.

: l
  Top Address=FF030
  End Address=FF241
: da ff200 ff240
  <ADDR>  <CODE>                <MNEMONIC> <OPERAND>
  FF200   7A07000FFF00          MOV.L      #H'000FFF00:32,ER7
  FF206   6B21000FF800          MOV.W      @H'FF800:24,R1
  FF20C   6B20000FF802          MOV.W      @H'FF802:24,R0
  FF212   1999                  SUB.W      E1,E1
  FF214   79080001              MOV.W      #H'0001:16,E0
  FF218   4004                  BRA        FF21E:8
  FF21A   1010                  SHLL.W     R0
  FF21C   1018                  SHLL.W     E0
  FF21E   1D10                  CMP.W      R1,R0
  FF220   45F8                  BCS        FF21A:8
  FF222   400C                  BRA        FF230:8
  FF224   1D10                  CMP.W      R1,R0
  FF226   4204                  BHI        FF22C:8
  FF228   1901                  SUB.W      R0,R1
  FF22A   0989                  ADD.W      E0,E1
  FF22C   1110                  SHLR.W     R0
  FF22E   1118                  SHLR.W     E0
  FF230   0D88                  MOV.W      E0,E0
  FF232   46F0                  BNE        FF224:8
  FF234   6BA9000FF804          MOV.W      E1,@H'FF804:24
  FF23A   6BA1000FF806          MOV.W      R1,@H'FF806:24
  FF240   40FE                  BRA        FF240:8
: b ff240
: d ff800 ff80f
  <ADDR>                  <  D  A  T  A  >                     < ASCII CODE >
  FF800   FF FF FF FF FF FE FF 7F  7F FF FF FF FB FF F7 FF   "................"
: m ff800
  FF800   FF  ?  00
  FF801   FF  ?  03
  FF802   FF  ?  00
  FF803   FF  ?  02
  FF804   FF  ?  .
: .pc
  PC=0FF200  ?  .
: g
  Break at PC=FF240
  PC=0FF240  CCR=81:I......C  SP=000FFF00
  ER0=00000001  ER1=00010001  ER2=00000000  ER3=00000000
  ER4=00000000  ER5=00000000  ER6=00000000  ER7=000FFF00
: d ff800 ff80f
  <ADDR>                  <  D  A  T  A  >                     < ASCII CODE >
  FF800   00 03 00 02 00 01 00 01  7F FF FF FF FB FF F7 FF   "................"
: m ff800
  FF800   00  ?  10
  FF801   03  ?  00
  FF802   00  ?  00
  FF803   02  ?  33
  FF804   00  ?  .
: r
  PC=0FF240  CCR=81:I......C  SP=000FFF00
  ER0=00000001  ER1=00010001  ER2=00000000  ER3=00000000
  ER4=00000000  ER5=00000000  ER6=00000000  ER7=000FFF00
: .o pc
  PC=0FF240  ?  ff200
  CCR=81  ?  .
: g
  Break at PC=FF240
  PC=0FF240  CCR=81:I......C  SP=000FFF00
  ER0=00000019  ER1=00500010  ER2=00000000  ER3=00000000
  ER4=00000000  ER5=00000000  ER6=00000000  ER7=000FFF00
: d ff800 ff80f
  <ADDR>                  <  D  A  T  A  >                     < ASCII CODE >
  FF800   10 00 00 33 00 50 00 10  7F FF FF FF FB FF F7 FF   "...3.P.........."
: m ff800
  FF800   10  ?  aa
  FF801   00  ?  aa
  FF802   00  ?  00
  FF803   33  ?  bb
  FF804   00  ?  .
: .pc
  PC=0FF240  ?  ff200
  CCR=81  ?  .
: g
  Break at PC=FF240
  PC=0FF240  CCR=81:I......C  SP=000FFF00
  ER0=0000005D  ER1=00E90077  ER2=00000000  ER3=00000000
  ER4=00000000  ER5=00000000  ER6=00000000  ER7=000FFF00
: d ff800 ff80f
  <ADDR>                  <  D  A  T  A  >                     < ASCII CODE >
  FF800   AA AA 00 BB 00 E9 00 77  7F FF FF FF FB FF F7 FF   ".......w........"
: 
: 