
 H8/3048 Series Advanced Mode Monitor Ver. 3.0A
 Copyright (C) 2003 Renesas Technology Corp.

: l
  Top Address=FF030
  End Address=FF2B3
: da ff200 ff2b2
  <ADDR>  <CODE>                <MNEMONIC> <OPERAND>
  FF200   7A07000FFF00          MOV.L      #H'000FFF00:32,ER7
  FF206   01006DF4              PUSH.L     ER4
  FF20A   6B28000FF800          MOV.W      @H'FF800:24,E0
  FF210   6B20000FF802          MOV.W      @H'FF802:24,R0
  FF216   0D01                  MOV.W      R0,R1
  FF218   0D0C                  MOV.W      R0,E4
  FF21A   0D88                  MOV.W      E0,E0
  FF21C   4F14                  BLE        FF232:8
  FF21E   0D11                  MOV.W      R1,R1
  FF220   4F04                  BLE        FF226:8
  FF222   1944                  SUB.W      R4,R4
  FF224   4032                  BRA        FF258:8
  FF226   79040001              MOV.W      #H'0001:16,R4
  FF22A   0D10                  MOV.W      R1,R0
  FF22C   1790                  NEG.W      R0
  FF22E   0D01                  MOV.W      R0,R1
  FF230   4026                  BRA        FF258:8
  FF232   0D11                  MOV.W      R1,R1
  FF234   4F0C                  BLE        FF242:8
  FF236   79040002              MOV.W      #H'0002:16,R4
  FF23A   0D80                  MOV.W      E0,R0
  FF23C   1790                  NEG.W      R0
  FF23E   0D08                  MOV.W      R0,E0
  FF240   4016                  BRA        FF258:8
  FF242   79040003              MOV.W      #H'0003:16,R4
  FF246   0D10                  MOV.W      R1,R0
  FF248   1790                  NEG.W      R0
  FF24A   0D01                  MOV.W      R0,R1
  FF24C   0D80                  MOV.W      E0,R0
  FF24E   1790                  NEG.W      R0
  FF250   0D08                  MOV.W      R0,E0
  FF252   0DC0                  MOV.W      E4,R0
  FF254   1790                  NEG.W      R0
  FF256   0D0C                  MOV.W      R0,E4
  FF258   1999                  SUB.W      E1,E1
  FF25A   79000001              MOV.W      #H'0001:16,R0
  FF25E   4004                  BRA        FF264:8
  FF260   1011                  SHLL.W     R1
  FF262   1010                  SHLL.W     R0
  FF264   1D81                  CMP.W      E0,R1
  FF266   4DF8                  BLT        FF260:8
  FF268   400C                  BRA        FF276:8
  FF26A   1D81                  CMP.W      E0,R1
  FF26C   4E04                  BGT        FF272:8
  FF26E   1918                  SUB.W      R1,E0
  FF270   0909                  ADD.W      R0,E1
  FF272   1191                  SHAR.W     R1
  FF274   1190                  SHAR.W     R0
  FF276   0D00                  MOV.W      R0,R0
  FF278   46F0                  BNE        FF26A:8
  FF27A   0D44                  MOV.W      R4,R4
  FF27C   4724                  BEQ        FF2A2:8
  FF27E   79240001              CMP.W      #H'0001:16,R4
  FF282   4608                  BNE        FF28C:8
  FF284   0D90                  MOV.W      E1,R0
  FF286   1790                  NEG.W      R0
  FF288   0D09                  MOV.W      R0,E1
  FF28A   4016                  BRA        FF2A2:8
  FF28C   0D88                  MOV.W      E0,E0
  FF28E   4F06                  BLE        FF296:8
  FF290   198C                  SUB.W      E0,E4
  FF292   0DC8                  MOV.W      E4,E0
  FF294   0B59                  INC.W      #1,E1
  FF296   79240002              CMP.W      #H'0002:16,R4
  FF29A   4606                  BNE        FF2A2:8
  FF29C   0D90                  MOV.W      E1,R0
  FF29E   1790                  NEG.W      R0
  FF2A0   0D09                  MOV.W      R0,E1
  FF2A2   6BA9000FF804          MOV.W      E1,@H'FF804:24
  FF2A8   6BA8000FF806          MOV.W      E0,@H'FF806:24
  FF2AE   01006D74              POP.L      ER4
  FF2B2   40FE                  BRA        FF2B2:8
: b ff2b2
: d ff800 ff80f
  <ADDR>                  <  D  A  T  A  >                     < ASCII CODE >
  FF800   FF FF FF FF FF FF FD 01  7F FF FF FF 7B FF F7 FF   "............{..."
: m ff800
  FF800   FF  ?  00
  FF801   FF  ?  0b
  FF802   FF  ?  00
  FF803   FF  ?  04
  FF804   FF  ?  .
: .pc
  PC=0FF200  ?  ff200
  CCR=80  ?  .
: g
  Break at PC=FF2B2
  PC=0FF2B2  CCR=85:I....Z.C  SP=000FFF00
  ER0=00030000  ER1=00020002  ER2=00000000  ER3=00000000
  ER4=00000000  ER5=00000000  ER6=00000000  ER7=000FFF00
: d ff800 ff80f
  <ADDR>                  <  D  A  T  A  >                     < ASCII CODE >
  FF800   00 0B 00 04 00 02 00 03  7F FF FF FF 7B FF F7 FF   "............{..."
: .pc
  PC=0FF2B2  ?  ff200
  CCR=85  ?  . 
: m ff800 
  FF800   00  ?  ff
  FF801   0B  ?  f5
  FF802   00  ?  00
  FF803   04  ?  04
  FF804   00  ?  .            
: g
  Break at PC=FF2B2
  PC=0FF2B2  CCR=A5:I.H..Z.C  SP=000FFF00
  ER0=0001FFFD  ER1=FFFD0002  ER2=00000000  ER3=00000000
  ER4=00000000  ER5=00000000  ER6=00000000  ER7=000FFF00
: d ff800 ff80f
  <ADDR>                  <  D  A  T  A  >                     < ASCII CODE >
  FF800   FF F5 00 04 FF FD 00 01  7F FF FF FF 7B FF F7 FF   "............{..."
: .pc
  PC=0FF2B2  ?  ff200
  CCR=A5  ?  .
: m ff800
  FF800   FF  ?  00
  FF801   F5  ?  0b
  FF802   00  ?  ff
  FF803   04  ?  fc
  FF804   FF  ?  .
: g
  Break at PC=FF2B2
  PC=0FF2B2  CCR=A5:I.H..Z.C  SP=000FFF00
  ER0=0003FFFE  ER1=FFFE0002  ER2=00000000  ER3=00000000
  ER4=00000000  ER5=00000000  ER6=00000000  ER7=000FFF00
: d ff8000  ff80f
  <ADDR>                  <  D  A  T  A  >                     < ASCII CODE >
  FF800   00 0B FF FC FF FE 00 03  7F FF FF FF 7B FF F7 FF   "............{..."
: .pc
  PC=0FF2B2  ?  ff200
  CCR=A5  ?  .
: m ff800
  FF800   00  ?  ff
  FF801   0B  ?  f5
  FF802   FF  ?  ff
  FF803   FC  ?  fc
  FF804   FF  ?  .
: g
  Break at PC=FF2B2
  PC=0FF2B2  CCR=84:I....Z..  SP=000FFF00
  ER0=00010000  ER1=00030002  ER2=00000000  ER3=00000000
  ER4=00000000  ER5=00000000  ER6=00000000  ER7=000FFF00
: d ff800 ff80f
  <ADDR>                  <  D  A  T  A  >                     < ASCII CODE >
  FF800   FF F5 FF FC 00 03 00 01  7F FF FF FF 7B FF F7 FF   "............{..."