

 H8/3048 Series Advanced Mode Monitor Ver. 3.0A
 Copyright (C) 2003 Renesas Technology Corp.

: m fffc1
  FFFC1   FF  ?  00
  FFFC2   FF  ?  .
: m fffd8
  FFFD8   00  ?  ff
  FFFD9   FF  ?  .
: d fffc3 fffc3
  <ADDR>                  <  D  A  T  A  >                     < ASCII CODE >
  FFFC3   FF                                                 "."
: d fffc3 fffc3
  <ADDR>                  <  D  A  T  A  >                     < ASCII CODE >
  FFFC3   00                                                 "."
: d fffc3 fffc3
  <ADDR>                  <  D  A  T  A  >                     < ASCII CODE >
  FFFC3   FF                                                 "."
: d fffc3 fffc3
  <ADDR>                  <  D  A  T  A  >                     < ASCII CODE >
  FFFC3   01                                                 "."
: d fffc3 fffc3
  <ADDR>                  <  D  A  T  A  >                     < ASCII CODE >
  FFFC3   03                                                 "."
: fffc    d fffc3 fffc3
  <ADDR>                  <  D  A  T  A  >                     < ASCII CODE >
  FFFC3   73                                                 "s"
: d fffc3 fffc3
  <ADDR>                  <  D  A  T  A  >                     < ASCII CODE >
  FFFC3   A6                                                 "."
: d fffc3 fffc3
  <ADDR>                  <  D  A  T  A  >                     < ASCII CODE >
  FFFC3   BC                                                 "."
: fffc    d fgf  gg     d fffc3 g fffc3
  <ADDR>                  <  D  A  T  A  >                     < ASCII CODE >
  FFFC3   FE                                                 "."
: 