
 H8/3048 Series Advanced Mode Monitor Ver. 3.0A
 Copyright (C) 2003 Renesas Technology Corp.

: a ff200
  FF200   >  mov.b #0a:8,r0l
  FF202   >  mov.b #00:8,r0h
  FF204   >  add.b r0l,r0h
  FF206   >  dec.b r0l
  FF208   >  bne ff204:8
  FF20A   >  mov.b r0h,r1l
  FF20C   >  nop
  FF20E   >  .
: da ff200 ff20c
  <ADDR>  <CODE>                <MNEMONIC> <OPERAND>
  FF200   F80A                  MOV.B      #H'0A:8,R0L
  FF202   F000                  MOV.B      #H'00:8,R0H
  FF204   0880                  ADD.B      R0L,R0H
  FF206   1A08                  DEC.B      R0L
  FF208   46FA                  BNE        FF204:8
  FF20A   0C09                  MOV.B      R0H,R1L
  FF20C   0000                  NOP        
: r
  PC=000000  CCR=80:I.......  SP=000FFF00
  ER0=00000000  ER1=00000000  ER2=00000000  ER3=00000000
  ER4=00000000  ER5=00000000  ER6=00000000  ER7=000FFF00
: .pc
  PC=000000  ?  r ff200
  CCR=80  ?  .
: r
  PC=0FF200  CCR=80:I.......  SP=000FFF00
  ER0=00000000  ER1=00000000  ER2=00000000  ER3=00000000
  ER4=00000000  ER5=00000000  ER6=00000000  ER7=000FFF00
: s
  PC=0FF202  CCR=80:I.......  SP=000FFF00
  ER0=0000000A  ER1=00000000  ER2=00000000  ER3=00000000
  ER4=00000000  ER5=00000000  ER6=00000000  ER7=000FFF00
  FF200   F80A                  MOV.B      #H'0A:8,R0L
: s
  PC=0FF204  CCR=84:I....Z..  SP=000FFF00
  ER0=0000000A  ER1=00000000  ER2=00000000  ER3=00000000
  ER4=00000000  ER5=00000000  ER6=00000000  ER7=000FFF00
  FF202   F000                  MOV.B      #H'00:8,R0H
: s
  PC=0FF206  CCR=80:I.......  SP=000FFF00
  ER0=00000A0A  ER1=00000000  ER2=00000000  ER3=00000000
  ER4=00000000  ER5=00000000  ER6=00000000  ER7=000FFF00
  FF204   0880                  ADD.B      R0L,R0H
: s
  PC=0FF208  CCR=80:I.......  SP=000FFF00
  ER0=00000A09  ER1=00000000  ER2=00000000  ER3=00000000
  ER4=00000000  ER5=00000000  ER6=00000000  ER7=000FFF00
  FF206   1A08                  DEC.B      R0L
: s
  PC=0FF204  CCR=80:I.......  SP=000FFF00
  ER0=00000A09  ER1=00000000  ER2=00000000  ER3=00000000
  ER4=00000000  ER5=00000000  ER6=00000000  ER7=000FFF00
  FF208   46FA                  BNE        FF204:8
: s
  PC=0FF206  CCR=A0:I.H.....  SP=000FFF00
  ER0=00001309  ER1=00000000  ER2=00000000  ER3=00000000
  ER4=00000000  ER5=00000000  ER6=00000000  ER7=000FFF00
  FF204   0880                  ADD.B      R0L,R0H
: s
  PC=0FF208  CCR=A0:I.H.....  SP=000FFF00
  ER0=00001308  ER1=00000000  ER2=00000000  ER3=00000000
  ER4=00000000  ER5=00000000  ER6=00000000  ER7=000FFF00
  FF206   1A08                  DEC.B      R0L
: s
  PC=0FF204  CCR=A0:I.H.....  SP=000FFF00
  ER0=00001308  ER1=00000000  ER2=00000000  ER3=00000000
  ER4=00000000  ER5=00000000  ER6=00000000  ER7=000FFF00
  FF208   46FA                  BNE        FF204:8
: s
  PC=0FF206  CCR=80:I.......  SP=000FFF00
  ER0=00001B08  ER1=00000000  ER2=00000000  ER3=00000000
  ER4=00000000  ER5=00000000  ER6=00000000  ER7=000FFF00
  FF204   0880                  ADD.B      R0L,R0H
: s
  PC=0FF208  CCR=80:I.......  SP=000FFF00
  ER0=00001B07  ER1=00000000  ER2=00000000  ER3=00000000
  ER4=00000000  ER5=00000000  ER6=00000000  ER7=000FFF00
  FF206   1A08                  DEC.B      R0L
: s
  PC=0FF204  CCR=80:I.......  SP=000FFF00
  ER0=00001B07  ER1=00000000  ER2=00000000  ER3=00000000
  ER4=00000000  ER5=00000000  ER6=00000000  ER7=000FFF00
  FF208   46FA                  BNE        FF204:8
: s
  PC=0FF206  CCR=A0:I.H.....  SP=000FFF00
  ER0=00002207  ER1=00000000  ER2=00000000  ER3=00000000
  ER4=00000000  ER5=00000000  ER6=00000000  ER7=000FFF00
  FF204   0880                  ADD.B      R0L,R0H
: s
  PC=0FF208  CCR=A0:I.H.....  SP=000FFF00
  ER0=00002206  ER1=00000000  ER2=00000000  ER3=00000000
  ER4=00000000  ER5=00000000  ER6=00000000  ER7=000FFF00
  FF206   1A08                  DEC.B      R0L
: s
  PC=0FF204  CCR=A0:I.H.....  SP=000FFF00
  ER0=00002206  ER1=00000000  ER2=00000000  ER3=00000000
  ER4=00000000  ER5=00000000  ER6=00000000  ER7=000FFF00
  FF208   46FA                  BNE        FF204:8
: s
  PC=0FF206  CCR=80:I.......  SP=000FFF00
  ER0=00002806  ER1=00000000  ER2=00000000  ER3=00000000
  ER4=00000000  ER5=00000000  ER6=00000000  ER7=000FFF00
  FF204   0880                  ADD.B      R0L,R0H
: s
  PC=0FF208  CCR=80:I.......  SP=000FFF00
  ER0=00002805  ER1=00000000  ER2=00000000  ER3=00000000
  ER4=00000000  ER5=00000000  ER6=00000000  ER7=000FFF00
  FF206   1A08                  DEC.B      R0L
: s
  PC=0FF204  CCR=80:I.......  SP=000FFF00
  ER0=00002805  ER1=00000000  ER2=00000000  ER3=00000000
  ER4=00000000  ER5=00000000  ER6=00000000  ER7=000FFF00
  FF208   46FA                  BNE        FF204:8
: s
  PC=0FF206  CCR=80:I.......  SP=000FFF00
  ER0=00002D05  ER1=00000000  ER2=00000000  ER3=00000000
  ER4=00000000  ER5=00000000  ER6=00000000  ER7=000FFF00
  FF204   0880                  ADD.B      R0L,R0H
: s
  PC=0FF208  CCR=80:I.......  SP=000FFF00
  ER0=00002D04  ER1=00000000  ER2=00000000  ER3=00000000
  ER4=00000000  ER5=00000000  ER6=00000000  ER7=000FFF00
  FF206   1A08                  DEC.B      R0L
: s
  PC=0FF204  CCR=80:I.......  SP=000FFF00
  ER0=00002D04  ER1=00000000  ER2=00000000  ER3=00000000
  ER4=00000000  ER5=00000000  ER6=00000000  ER7=000FFF00
  FF208   46FA                  BNE        FF204:8
: s
  PC=0FF206  CCR=A0:I.H.....  SP=000FFF00
  ER0=00003104  ER1=00000000  ER2=00000000  ER3=00000000
  ER4=00000000  ER5=00000000  ER6=00000000  ER7=000FFF00
  FF204   0880                  ADD.B      R0L,R0H
: s
  PC=0FF208  CCR=A0:I.H.....  SP=000FFF00
  ER0=00003103  ER1=00000000  ER2=00000000  ER3=00000000
  ER4=00000000  ER5=00000000  ER6=00000000  ER7=000FFF00
  FF206   1A08                  DEC.B      R0L
: s
  PC=0FF204  CCR=A0:I.H.....  SP=000FFF00
  ER0=00003103  ER1=00000000  ER2=00000000  ER3=00000000
  ER4=00000000  ER5=00000000  ER6=00000000  ER7=000FFF00
  FF208   46FA                  BNE        FF204:8
: s
  PC=0FF206  CCR=80:I.......  SP=000FFF00
  ER0=00003403  ER1=00000000  ER2=00000000  ER3=00000000
  ER4=00000000  ER5=00000000  ER6=00000000  ER7=000FFF00
  FF204   0880                  ADD.B      R0L,R0H
: s
  PC=0FF208  CCR=80:I.......  SP=000FFF00
  ER0=00003402  ER1=00000000  ER2=00000000  ER3=00000000
  ER4=00000000  ER5=00000000  ER6=00000000  ER7=000FFF00
  FF206   1A08                  DEC.B      R0L
: s
  PC=0FF204  CCR=80:I.......  SP=000FFF00
  ER0=00003402  ER1=00000000  ER2=00000000  ER3=00000000
  ER4=00000000  ER5=00000000  ER6=00000000  ER7=000FFF00
  FF208   46FA                  BNE        FF204:8
: s
  PC=0FF206  CCR=80:I.......  SP=000FFF00
  ER0=00003602  ER1=00000000  ER2=00000000  ER3=00000000
  ER4=00000000  ER5=00000000  ER6=00000000  ER7=000FFF00
  FF204   0880                  ADD.B      R0L,R0H
: s
  PC=0FF208  CCR=80:I.......  SP=000FFF00
  ER0=00003601  ER1=00000000  ER2=00000000  ER3=00000000
  ER4=00000000  ER5=00000000  ER6=00000000  ER7=000FFF00
  FF206   1A08                  DEC.B      R0L
: s
  PC=0FF204  CCR=80:I.......  SP=000FFF00
  ER0=00003601  ER1=00000000  ER2=00000000  ER3=00000000
  ER4=00000000  ER5=00000000  ER6=00000000  ER7=000FFF00
  FF208   46FA                  BNE        FF204:8
: s
  PC=0FF206  CCR=80:I.......  SP=000FFF00
  ER0=00003701  ER1=00000000  ER2=00000000  ER3=00000000
  ER4=00000000  ER5=00000000  ER6=00000000  ER7=000FFF00
  FF204   0880                  ADD.B      R0L,R0H
: s
  PC=0FF208  CCR=84:I....Z..  SP=000FFF00
  ER0=00003700  ER1=00000000  ER2=00000000  ER3=00000000
  ER4=00000000  ER5=00000000  ER6=00000000  ER7=000FFF00
  FF206   1A08                  DEC.B      R0L
: s
  PC=0FF20A  CCR=84:I....Z..  SP=000FFF00
  ER0=00003700  ER1=00000000  ER2=00000000  ER3=00000000
  ER4=00000000  ER5=00000000  ER6=00000000  ER7=000FFF00
  FF208   46FA                  BNE        FF204:8
: s
  PC=0FF20C  CCR=80:I.......  SP=000FFF00
  ER0=00003700  ER1=00000037  ER2=00000000  ER3=00000000
  ER4=00000000  ER5=00000000  ER6=00000000  ER7=000FFF00
  FF20A   0C09                  MOV.B      R0H,R1L
