 H8/3048 Series Advanced Mode Monitor Ver. 3.0A
 Copyright (C) 2003 Renesas Technology Corp.

: a ff200
  FF200   >  mov.w @ff700:24,r0
  FF206   >  mov.w @ff702:24,r1
  FF20C   >  add.w r1,r0
  FF20E   >  mov.w @ff704:24,r1
  FF214   >  add.w r1,r0
  FF216   >  mov.w @ff706:24,r1
  FF21C   >  add.w r1,r0
  FF21E   >  mov.w r0,@ff708:24
  FF224   >  .
: m ff700
  FF700   FF  ?  00
  FF701   FF  ?  01
  FF702   FF  ?  00
  FF703   FF  ?  04
  FF704   FF  ?  00
  FF705   FF  ?  10
  FF706   FF  ?  00
  FF707   FF  ?  12
  FF708   DB  ?  .
: d ff700 ff70f
  <ADDR>                  <  D  A  T  A  >                     < ASCII CODE >
  FF700   00 01 00 04 00 10 00 12  DB BE FF DF FF FF FF FF   "................"
: d da ff200 ff21e
  <ADDR>  <CODE>                <MNEMONIC> <OPERAND>
  FF200   6B20000FF700          MOV.W      @H'FF700:24,R0
  FF206   6B21000FF702          MOV.W      @H'FF702:24,R1
  FF20C   0910                  ADD.W      R1,R0
  FF20E   6B21000FF704          MOV.W      @H'FF704:24,R1
  FF214   0910                  ADD.W      R1,R0
  FF216   6B21000FF706          MOV.W      @H'FF706:24,R1
  FF21C   0910                  ADD.W      R1,R0
  FF21E   6BA0000FF708          MOV.W      R0,@H'FF708:24
: r
  PC=000000  CCR=80:I.......  SP=000FFF00
  ER0=00000000  ER1=00000000  ER2=00000000  ER3=00000000
  ER4=00000000  ER5=00000000  ER6=00000000  ER7=000FFF00
: .pc
  PC=000000  ?  ff200
  CCR=80  ?  .
: r
  PC=0FF200  CCR=80:I.......  SP=000FFF00
  ER0=00000000  ER1=00000000  ER2=00000000  ER3=00000000
  ER4=00000000  ER5=00000000  ER6=00000000  ER7=000FFF00
: s
  PC=0FF206  CCR=80:I.......  SP=000FFF00
  ER0=00000001  ER1=00000000  ER2=00000000  ER3=00000000
  ER4=00000000  ER5=00000000  ER6=00000000  ER7=000FFF00
  FF200   6B20000FF700          MOV.W      @H'FF700:24,R0
: s
  PC=0FF20C  CCR=80:I.......  SP=000FFF00
  ER0=00000001  ER1=00000004  ER2=00000000  ER3=00000000
  ER4=00000000  ER5=00000000  ER6=00000000  ER7=000FFF00
  FF206   6B21000FF702          MOV.W      @H'FF702:24,R1
: s
  PC=0FF20E  CCR=80:I.......  SP=000FFF00
  ER0=00000005  ER1=00000004  ER2=00000000  ER3=00000000
  ER4=00000000  ER5=00000000  ER6=00000000  ER7=000FFF00
  FF20C   0910                  ADD.W      R1,R0
: s
  PC=0FF214  CCR=80:I.......  SP=000FFF00
  ER0=00000005  ER1=00000010  ER2=00000000  ER3=00000000
  ER4=00000000  ER5=00000000  ER6=00000000  ER7=000FFF00
  FF20E   6B21000FF704          MOV.W      @H'FF704:24,R1
: s
  PC=0FF216  CCR=80:I.......  SP=000FFF00
  ER0=00000015  ER1=00000010  ER2=00000000  ER3=00000000
  ER4=00000000  ER5=00000000  ER6=00000000  ER7=000FFF00
  FF214   0910                  ADD.W      R1,R0
: s
  PC=0FF21C  CCR=80:I.......  SP=000FFF00
  ER0=00000015  ER1=00000012  ER2=00000000  ER3=00000000
  ER4=00000000  ER5=00000000  ER6=00000000  ER7=000FFF00
  FF216   6B21000FF706          MOV.W      @H'FF706:24,R1
: s
  PC=0FF21E  CCR=80:I.......  SP=000FFF00
  ER0=00000027  ER1=00000012  ER2=00000000  ER3=00000000
  ER4=00000000  ER5=00000000  ER6=00000000  ER7=000FFF00
  FF21C   0910                  ADD.W      R1,R0
: s
  PC=0FF224  CCR=80:I.......  SP=000FFF00
  ER0=00000027  ER1=00000012  ER2=00000000  ER3=00000000
  ER4=00000000  ER5=00000000  ER6=00000000  ER7=000FFF00
  FF21E   6BA0000FF708          MOV.W      R0,@H'FF708:24
: d ff700 ff70f
  <ADDR>                  <  D  A  T  A  >                     < ASCII CODE >
  FF700   00 01 00 04 00 10 00 12  00 27 FF DF FF FF FF FF   ".........'......"

