** H8S,H8/300 ASSEMBLER Ver.2.0A Evaluation software ** 05/31/18 11:54:22                                                              PAGE     1
PROGRAM NAME =

    1                             1          .CPU 300HA
    2 0FF030                      2         .SECTION A,DATA,LOCATE=H'0FF030
    3 0FF030 000FF200             3         .DATA.L H'0FF200  ;リセットベクトル
    4                             4     
    5 0FF200                      5         .SECTION P,CODE,LOCATE=H'0FF200
    6 0FF200 7A07000FFF00         6         MOV.L  #H'FFF00,ER7  ;スタックポインタ設定
    7 0FF206 7A01000FF800         7         MOV.L  #H'FF800,ER1  ;作業対象先頭アドレスをレジスタer1へ
    8 0FF20C F880                 8         MOV.B  #H'80, r0l    ;埋める値0x80をレジスタr0lへ
    9 0FF20E F080                 9         MOV.B  #H'80, r0h    ;埋める個数0x80をレジスタr0h
   10 0FF210                     10     L000:
   11 0FF210 6898                11         MOV.B  r0l,@ER1      ;0xr0lをER1の指しているところへ
   12 0FF212 0B71                12         INC.L  #1,ER1        ;ER1を1増やす（32bit操作）
   13 0FF214 1A00                13         DEC.B  r0h           ;R0Hを1減らす（8bit操作）
   14 0FF216 46F8                14         BNE    L000:8        ;r0h!=0の場合はL000へジャンプ
   15                            15     
   16 0FF218 7A01000FF800        16         MOV.L  #H'FF800,ER1  ;コピー元先頭アドレスをレジスタer1へ
   17 0FF21E 7A02000FF900        17         MOV.L  #area,ER2     ;コピー先先頭アドレスをレジスタer2へ
   18 0FF224 F080                18         MOV.B  #H'80, r0h    ;コピー個数0x80をレジスタr0h
   19 0FF226                     19     L001:
   20 0FF226 6818                20         MOV.B  @ER1,r0l      ;ER1(コピー元アドレス)の指しているバイト値をr0lへ
   21 0FF228 68A8                21         MOV.B  r0l,@ER2      ;r0lの値をER2(コピー先アドレス)の指しているところへ
   22 0FF22A 0B71                22         INC.L  #1,ER1        ;ER1を1増やす（32bit操作）
   23 0FF22C 0B72                23         INC.L  #1,ER2        ;ER2を1増やす（32bit操作）
   24 0FF22E 1A00                24         DEC.B  r0h           ;R0Hを1減らす（8bit操作）
   25 0FF230 46F4                25         BNE    L001:8        ;r0h!=0の場合はL001へジャンプ
   26                            26     
   27 0FF232 7A01000FF200        27         MOV.L  #H'FF200,ER1  ;コピー元先頭アドレスをレジスタer1へ
   28 0FF238 7A02000FF900        28         MOV.L  #area,ER2     ;コピー先先頭アドレスをレジスタer2へ
   29 0FF23E F060                29         MOV.B  #H'60, r0h    ;コピー個数0x80をレジスタr0h
   30 0FF240                     30     L002:
   31 0FF240 6818                31         MOV.B  @ER1,r0l      ;ER1(コピー元アドレス)の指しているバイト値をr0lへ
   32 0FF242 68A8                32         MOV.B  r0l,@ER2      ;r0lの値をER2(コピー先アドレス)の指しているところへ
   33 0FF244 0B71                33         INC.L  #1,ER1        ;ER1を1増やす（32bit操作）
   34 0FF246 0B72                34         INC.L  #1,ER2        ;ER2を1増やす（32bit操作）
   35 0FF248 1A00                35         DEC.B  r0h           ;R0Hを1減らす（8bit操作）
   36 0FF24A 46F4                36         BNE    L002:8        ;r0h!=0の場合はL001へジャンプ
   37 0FF24C                     37     EternalLoop:
   38 0FF24C 40FE                38         BRA EternalLoop ;永久ループ
   39 0FF900                     39         .SECTION D,DATA,LOCATE=H'0FF900   ;データ領域0FF900から
   40 0FF900                     40     area:
   41 0FF900 00000080            41         .res.b H'80          ;40バイトの領域を確保　先頭アドレスはFF900になる
   42                            42         .END
  *****TOTAL ERRORS       0
  *****TOTAL WARNINGS     0
** H8S,H8/300 ASSEMBLER Ver.2.0A Evaluation software ** 05/31/18 11:54:22                                                              PAGE     2

*** CROSS REFERENCE LIST

NAME                             SECTION  ATTR VALUE             SEQUENCE

A                                A        SCT  000FF030      2*
D                                D        SCT  000FF900     39*
EternalLoop                      P             000FF24C     37*   38 
L000                             P             000FF210     10*   14 
L001                             P             000FF226     19*   25 
L002                             P             000FF240     30*   36 
P                                P        SCT  000FF200      5*
area                             D             000FF900     17    28    40*
** H8S,H8/300 ASSEMBLER Ver.2.0A Evaluation software ** 05/31/18 11:54:22                                                              PAGE     3

*** SECTION DATA LIST

SECTION                          ATTRIBUTE    SIZE             START

A                                ABS-DATA    0000004           0FF030          
P                                ABS-CODE    000004E           0FF200          
D                                ABS-DATA    0000080           0FF900          
